_REQINFO_:    "Model File Information: "
_REQINFO_:    "Last saved on: 07-23-2019 11:56:00."
_REQINFO_:    "Last saved by "rrbutler" using "RiverWare 7.5.1"."
_REQINFO_:    "------ MRM RUN STARTED ------"
_REQINFO_:    ""RwModel.mdl at 11:56:15 July 23, 2019""
_REQINFO_:    "----------------------------------"
_REQINFO_:    "------ Rulebased Simulation RUN STARTED (MRM run 1 of 6) ------"
_REQINFO_:    ""RwModel.mdl at 11:56:16 July 23, 2019""
_REQINFO_:    "----------------------------------"
_WARNING_:   24:00 June 30, 2023; OBJECT: Fontenelle; "Calculated a negative value for Outflow. Check inputs."
_WARNING_:   24:00 July 31, 2023; OBJECT: Fontenelle; "Calculated a negative value for Outflow. Check inputs."
_WARNING_:   24:00 July 31, 2027; OBJECT: Fontenelle; "Calculated a negative value for Outflow. Check inputs."
_WARNING_:   24:00 June 30, 2039; OBJECT: Fontenelle; "Calculated a negative value for Outflow. Check inputs."
_WARNING_:   24:00 July 31, 2039; OBJECT: Fontenelle; "Calculated a negative value for Outflow. Check inputs."
_WARNING_:   24:00 April 30, 2042; OBJECT: Fontenelle; "Calculated a negative value for Outflow. Check inputs."
_WARNING_:   24:00 June 30, 2042; OBJECT: Fontenelle; "Calculated a negative value for Outflow. Check inputs."
_WARNING_:   24:00 July 31, 2042; OBJECT: Fontenelle; "Calculated a negative value for Outflow. Check inputs."
_WARNING_:   24:00 September 30, 2042; OBJECT: Fontenelle; "Calculated a negative value for Outflow. Check inputs."
_WARNING_:   24:00 October 31, 2042; OBJECT: Fontenelle; "Calculated a negative value for Outflow. Check inputs."
_WARNING_:   24:00 November 30, 2042; OBJECT: Fontenelle; "Calculated a negative value for Outflow. Check inputs."
_WARNING_:   24:00 December 31, 2042; OBJECT: Fontenelle; "Calculated a negative value for Outflow. Check inputs."
_WARNING_:   24:00 January 31, 2043; OBJECT: Fontenelle; "Calculated a negative value for Outflow. Check inputs."
_WARNING_:   24:00 February 28, 2043; OBJECT: Fontenelle; "Calculated a negative value for Outflow. Check inputs."
_WARNING_:   24:00 March 31, 2043; OBJECT: Fontenelle; "Calculated a negative value for Outflow. Check inputs."
_WARNING_:   24:00 June 30, 2048; OBJECT: Fontenelle; "Calculated a negative value for Outflow. Check inputs."
_WARNING_:   24:00 July 31, 2048; OBJECT: Fontenelle; "Calculated a negative value for Outflow. Check inputs."
_REQINFO_:    "4 mass balance summary slots computed."
_REQINFO_:    "------ Rulebased Simulation RUN FINISHED (MRM run 1 of 6) ------"
_REQINFO_:    ""RwModel.mdl at 11:57:10 July 23, 2019 (54 seconds)""
_REQINFO_:    "----------------------------------"
_REQINFO_:    "------ Rulebased Simulation RUN STARTED (MRM run 2 of 6) ------"
_REQINFO_:    ""RwModel.mdl at 11:57:16 July 23, 2019""
_REQINFO_:    "----------------------------------"
_WARNING_:   24:00 June 30, 2022; OBJECT: Fontenelle; "Calculated a negative value for Outflow. Check inputs."
_WARNING_:   24:00 July 31, 2022; OBJECT: Fontenelle; "Calculated a negative value for Outflow. Check inputs."
_WARNING_:   24:00 July 31, 2026; OBJECT: Fontenelle; "Calculated a negative value for Outflow. Check inputs."
_WARNING_:   24:00 June 30, 2038; OBJECT: Fontenelle; "Calculated a negative value for Outflow. Check inputs."
_WARNING_:   24:00 July 31, 2038; OBJECT: Fontenelle; "Calculated a negative value for Outflow. Check inputs."
_WARNING_:   24:00 April 30, 2041; OBJECT: Fontenelle; "Calculated a negative value for Outflow. Check inputs."
_WARNING_:   24:00 June 30, 2041; OBJECT: Fontenelle; "Calculated a negative value for Outflow. Check inputs."
_WARNING_:   24:00 July 31, 2041; OBJECT: Fontenelle; "Calculated a negative value for Outflow. Check inputs."
_WARNING_:   24:00 September 30, 2041; OBJECT: Fontenelle; "Calculated a negative value for Outflow. Check inputs."
_WARNING_:   24:00 October 31, 2041; OBJECT: Fontenelle; "Calculated a negative value for Outflow. Check inputs."
_WARNING_:   24:00 November 30, 2041; OBJECT: Fontenelle; "Calculated a negative value for Outflow. Check inputs."
_WARNING_:   24:00 December 31, 2041; OBJECT: Fontenelle; "Calculated a negative value for Outflow. Check inputs."
_WARNING_:   24:00 January 31, 2042; OBJECT: Fontenelle; "Calculated a negative value for Outflow. Check inputs."
_WARNING_:   24:00 February 28, 2042; OBJECT: Fontenelle; "Calculated a negative value for Outflow. Check inputs."
_WARNING_:   24:00 March 31, 2042; OBJECT: Fontenelle; "Calculated a negative value for Outflow. Check inputs."
_WARNING_:   24:00 April 30, 2047; OBJECT: Fontenelle; "Calculated a negative value for Outflow. Check inputs."
_WARNING_:   24:00 June 30, 2047; OBJECT: Fontenelle; "Calculated a negative value for Outflow. Check inputs."
_WARNING_:   24:00 July 31, 2047; OBJECT: Fontenelle; "Calculated a negative value for Outflow. Check inputs."
_REQINFO_:    "4 mass balance summary slots computed."
_REQINFO_:    "------ Rulebased Simulation RUN FINISHED (MRM run 2 of 6) ------"
_REQINFO_:    ""RwModel.mdl at 11:58:09 July 23, 2019 (53 seconds)""
_REQINFO_:    "----------------------------------"
_REQINFO_:    "------ Rulebased Simulation RUN STARTED (MRM run 3 of 6) ------"
_REQINFO_:    ""RwModel.mdl at 11:58:14 July 23, 2019""
_REQINFO_:    "----------------------------------"
_WARNING_:   24:00 June 30, 2021; OBJECT: Fontenelle; "Calculated a negative value for Outflow. Check inputs."
_WARNING_:   24:00 July 31, 2021; OBJECT: Fontenelle; "Calculated a negative value for Outflow. Check inputs."
_WARNING_:   24:00 July 31, 2025; OBJECT: Fontenelle; "Calculated a negative value for Outflow. Check inputs."
_WARNING_:   24:00 June 30, 2037; OBJECT: Fontenelle; "Calculated a negative value for Outflow. Check inputs."
_WARNING_:   24:00 July 31, 2037; OBJECT: Fontenelle; "Calculated a negative value for Outflow. Check inputs."
_WARNING_:   24:00 April 30, 2040; OBJECT: Fontenelle; "Calculated a negative value for Outflow. Check inputs."
_WARNING_:   24:00 June 30, 2040; OBJECT: Fontenelle; "Calculated a negative value for Outflow. Check inputs."
_WARNING_:   24:00 July 31, 2040; OBJECT: Fontenelle; "Calculated a negative value for Outflow. Check inputs."
_WARNING_:   24:00 September 30, 2040; OBJECT: Fontenelle; "Calculated a negative value for Outflow. Check inputs."
_WARNING_:   24:00 October 31, 2040; OBJECT: Fontenelle; "Calculated a negative value for Outflow. Check inputs."
_WARNING_:   24:00 November 30, 2040; OBJECT: Fontenelle; "Calculated a negative value for Outflow. Check inputs."
_WARNING_:   24:00 December 31, 2040; OBJECT: Fontenelle; "Calculated a negative value for Outflow. Check inputs."
_WARNING_:   24:00 January 31, 2041; OBJECT: Fontenelle; "Calculated a negative value for Outflow. Check inputs."
_WARNING_:   24:00 February 28, 2041; OBJECT: Fontenelle; "Calculated a negative value for Outflow. Check inputs."
_WARNING_:   24:00 March 31, 2041; OBJECT: Fontenelle; "Calculated a negative value for Outflow. Check inputs."
_WARNING_:   24:00 April 30, 2046; OBJECT: Fontenelle; "Calculated a negative value for Outflow. Check inputs."
_WARNING_:   24:00 June 30, 2046; OBJECT: Fontenelle; "Calculated a negative value for Outflow. Check inputs."
_WARNING_:   24:00 July 31, 2046; OBJECT: Fontenelle; "Calculated a negative value for Outflow. Check inputs."
_REQINFO_:    "4 mass balance summary slots computed."
_REQINFO_:    "------ Rulebased Simulation RUN FINISHED (MRM run 3 of 6) ------"
_REQINFO_:    ""RwModel.mdl at 11:59:07 July 23, 2019 (53 seconds)""
_REQINFO_:    "----------------------------------"
_REQINFO_:    "------ Rulebased Simulation RUN STARTED (MRM run 4 of 6) ------"
_REQINFO_:    ""RwModel.mdl at 11:59:13 July 23, 2019""
_REQINFO_:    "----------------------------------"
_WARNING_:   24:00 June 30, 2020; OBJECT: Fontenelle; "Calculated a negative value for Outflow. Check inputs."
_WARNING_:   24:00 July 31, 2020; OBJECT: Fontenelle; "Calculated a negative value for Outflow. Check inputs."
_WARNING_:   24:00 July 31, 2024; OBJECT: Fontenelle; "Calculated a negative value for Outflow. Check inputs."
_WARNING_:   24:00 June 30, 2036; OBJECT: Fontenelle; "Calculated a negative value for Outflow. Check inputs."
_WARNING_:   24:00 July 31, 2036; OBJECT: Fontenelle; "Calculated a negative value for Outflow. Check inputs."
_WARNING_:   24:00 April 30, 2039; OBJECT: Fontenelle; "Calculated a negative value for Outflow. Check inputs."
_WARNING_:   24:00 June 30, 2039; OBJECT: Fontenelle; "Calculated a negative value for Outflow. Check inputs."
_WARNING_:   24:00 July 31, 2039; OBJECT: Fontenelle; "Calculated a negative value for Outflow. Check inputs."
_WARNING_:   24:00 September 30, 2039; OBJECT: Fontenelle; "Calculated a negative value for Outflow. Check inputs."
_WARNING_:   24:00 October 31, 2039; OBJECT: Fontenelle; "Calculated a negative value for Outflow. Check inputs."
_WARNING_:   24:00 November 30, 2039; OBJECT: Fontenelle; "Calculated a negative value for Outflow. Check inputs."
_WARNING_:   24:00 December 31, 2039; OBJECT: Fontenelle; "Calculated a negative value for Outflow. Check inputs."
_WARNING_:   24:00 January 31, 2040; OBJECT: Fontenelle; "Calculated a negative value for Outflow. Check inputs."
_WARNING_:   24:00 February 29, 2040; OBJECT: Fontenelle; "Calculated a negative value for Outflow. Check inputs."
_WARNING_:   24:00 March 31, 2040; OBJECT: Fontenelle; "Calculated a negative value for Outflow. Check inputs."
_WARNING_:   24:00 April 30, 2045; OBJECT: Fontenelle; "Calculated a negative value for Outflow. Check inputs."
_WARNING_:   24:00 June 30, 2045; OBJECT: Fontenelle; "Calculated a negative value for Outflow. Check inputs."
_WARNING_:   24:00 July 31, 2045; OBJECT: Fontenelle; "Calculated a negative value for Outflow. Check inputs."
_REQINFO_:    "4 mass balance summary slots computed."
_REQINFO_:    "------ Rulebased Simulation RUN FINISHED (MRM run 4 of 6) ------"
_REQINFO_:    ""RwModel.mdl at 12:00:06 July 23, 2019 (53 seconds)""
_REQINFO_:    "----------------------------------"
_REQINFO_:    "------ Rulebased Simulation RUN STARTED (MRM run 5 of 6) ------"
_REQINFO_:    ""RwModel.mdl at 12:00:12 July 23, 2019""
_REQINFO_:    "----------------------------------"
_WARNING_:   24:00 July 31, 2023; OBJECT: Fontenelle; "Calculated a negative value for Outflow. Check inputs."
_WARNING_:   SLOT: Powell.Max Turbine Q; "Interpolation Failed. Value (568.322447 * 1.0 ft) is not within range of table (300.000000 * 1.0 ft -- 568.000000 * 1.0 ft) in column 0. May need extra data after row 108."
_ERROR_:     24:00 July 31, 2030; OBJECT: Powell; "Failed interpolation with the table "Powell.Max Turbine Q" using the "Powell.Operating Head" value for 24:00 July 31, 2030 (568.322447 * 1.0 ft)."
_WARNING_:   24:00 June 30, 2035; OBJECT: Fontenelle; "Calculated a negative value for Outflow. Check inputs."
_WARNING_:   24:00 July 31, 2035; OBJECT: Fontenelle; "Calculated a negative value for Outflow. Check inputs."
_WARNING_:   24:00 April 30, 2038; OBJECT: Fontenelle; "Calculated a negative value for Outflow. Check inputs."
_WARNING_:   24:00 June 30, 2038; OBJECT: Fontenelle; "Calculated a negative value for Outflow. Check inputs."
_WARNING_:   24:00 July 31, 2038; OBJECT: Fontenelle; "Calculated a negative value for Outflow. Check inputs."
_WARNING_:   24:00 September 30, 2038; OBJECT: Fontenelle; "Calculated a negative value for Outflow. Check inputs."
_WARNING_:   24:00 October 31, 2038; OBJECT: Fontenelle; "Calculated a negative value for Outflow. Check inputs."
_WARNING_:   24:00 November 30, 2038; OBJECT: Fontenelle; "Calculated a negative value for Outflow. Check inputs."
_WARNING_:   24:00 December 31, 2038; OBJECT: Fontenelle; "Calculated a negative value for Outflow. Check inputs."
_WARNING_:   24:00 January 31, 2039; OBJECT: Fontenelle; "Calculated a negative value for Outflow. Check inputs."
_WARNING_:   24:00 February 28, 2039; OBJECT: Fontenelle; "Calculated a negative value for Outflow. Check inputs."
_WARNING_:   24:00 March 31, 2039; OBJECT: Fontenelle; "Calculated a negative value for Outflow. Check inputs."
_WARNING_:   24:00 April 30, 2044; OBJECT: Fontenelle; "Calculated a negative value for Outflow. Check inputs."
_WARNING_:   24:00 June 30, 2044; OBJECT: Fontenelle; "Calculated a negative value for Outflow. Check inputs."
_WARNING_:   24:00 July 31, 2044; OBJECT: Fontenelle; "Calculated a negative value for Outflow. Check inputs."
_REQINFO_:    "4 mass balance summary slots computed."
_REQINFO_:    "------ Rulebased Simulation RUN FINISHED (MRM run 5 of 6) ------"
_REQINFO_:    ""RwModel.mdl at 12:01:05 July 23, 2019 (53 seconds)""
_REQINFO_:    "----------------------------------"
_REQINFO_:    "------ Rulebased Simulation RUN STARTED (MRM run 6 of 6) ------"
_REQINFO_:    ""RwModel.mdl at 12:01:11 July 23, 2019""
_REQINFO_:    "----------------------------------"
_WARNING_:   24:00 July 31, 2022; OBJECT: Fontenelle; "Calculated a negative value for Outflow. Check inputs."
_WARNING_:   24:00 June 30, 2034; OBJECT: Fontenelle; "Calculated a negative value for Outflow. Check inputs."
_WARNING_:   24:00 July 31, 2034; OBJECT: Fontenelle; "Calculated a negative value for Outflow. Check inputs."
_WARNING_:   24:00 April 30, 2037; OBJECT: Fontenelle; "Calculated a negative value for Outflow. Check inputs."
_WARNING_:   24:00 June 30, 2037; OBJECT: Fontenelle; "Calculated a negative value for Outflow. Check inputs."
_WARNING_:   24:00 July 31, 2037; OBJECT: Fontenelle; "Calculated a negative value for Outflow. Check inputs."
_WARNING_:   24:00 September 30, 2037; OBJECT: Fontenelle; "Calculated a negative value for Outflow. Check inputs."
_WARNING_:   24:00 October 31, 2037; OBJECT: Fontenelle; "Calculated a negative value for Outflow. Check inputs."
_WARNING_:   24:00 November 30, 2037; OBJECT: Fontenelle; "Calculated a negative value for Outflow. Check inputs."
_WARNING_:   24:00 December 31, 2037; OBJECT: Fontenelle; "Calculated a negative value for Outflow. Check inputs."
_WARNING_:   24:00 January 31, 2038; OBJECT: Fontenelle; "Calculated a negative value for Outflow. Check inputs."
_WARNING_:   24:00 February 28, 2038; OBJECT: Fontenelle; "Calculated a negative value for Outflow. Check inputs."
_WARNING_:   24:00 March 31, 2038; OBJECT: Fontenelle; "Calculated a negative value for Outflow. Check inputs."
_WARNING_:   24:00 April 30, 2043; OBJECT: Fontenelle; "Calculated a negative value for Outflow. Check inputs."
_WARNING_:   24:00 June 30, 2043; OBJECT: Fontenelle; "Calculated a negative value for Outflow. Check inputs."
_WARNING_:   24:00 July 31, 2043; OBJECT: Fontenelle; "Calculated a negative value for Outflow. Check inputs."
_REQINFO_:    "4 mass balance summary slots computed."
_REQINFO_:    "------ Rulebased Simulation RUN FINISHED (MRM run 6 of 6) ------"
_REQINFO_:    ""RwModel.mdl at 12:02:04 July 23, 2019 (53 seconds)""
_REQINFO_:    "----------------------------------"
_REQINFO_:    "------ MRM RUN FINISHED ------"
_REQINFO_:    ""RwModel.mdl at 12:02:09 July 23, 2019 (354 seconds)""
_REQINFO_:    "----------------------------------"
